0 ======================CLASS INFO FOR CLASS: UnityEngine::MonoBehaviour======================
0 ======================IMAGE INFO FOR: 0x7f611ef230======================
name: UnityEngine.CoreModule.dll
nameNoExt: UnityEngine.CoreModule
0 ======================ASSEMBLY INFO FOR: 0x7f790ceea0======================
image: 0x7f611ef230
token: 536870913
referencedAssemblyStart: 15
referencedAssemblyCount: 4
0 ======================ASSEMBLY NAME INFO FOR: aname======================
name: UnityEngine.CoreModule
culture: 
hash_value: NULL
public_key: NULL
hash_alg: 32772
hash_len: 0
flags: 0x0
major: 0
minor: 0
build: 0
revision: 0
public_key_token: 0x7f790ceef4
0 ======================END ASSEMBLY NAME INFO======================
0 ======================END ASSEMBLY INFO======================
typeStart: 1876
typeCount: 528
exportedTypeStart: 4294967295
exportedTypeCount: 0
customAttributeStart: 1820
customAttributeCount: 1331
entryPointIndex: 4294967295
nameToClassHashTable: 0x7f612a74c0
0 ======================CODEGEN INFO FOR: 0x7f64ebd310, codeGenModule======================
moduleName: UnityEngine.CoreModule.dll
methodPointerCount: 2491
methodPointers: 0x7f650957b8
invokerIndices: 0x7f647bd088
reversePInvokeWrapperCount: 0
reversePInvokeWrapperIndices: 0x0
rgctxRangesCount: 102
rgctxRanges: 0x7f647bf774
rgctxsCount: 221
rgctxs: 0x7f647bfc3c
debuggerMetadata: 0x0
0 ======================END CODEGEN INFO======================
token: 1
dynamic: 0
0 ======================END IMAGE INFO======================
gc_desc: 0x0
name: MonoBehaviour
namespaze: UnityEngine
0 ======================TYPE INFO FOR: byval_arg======================
klassIndex: 2066
attrs: 0x0
type: 0x12
num_mods: 0
byref: 0
pinned: 0
0 ======================END TYPE INFO======================
0 ======================TYPE INFO FOR: this_arg======================
klassIndex: 2066
attrs: 0x0
type: 0x12
num_mods: 0
byref: 1
pinned: 0
0 ======================END TYPE INFO======================
element_class: 0x7f613fb100
castClass: 0x7f613fb100
declaringType: 0x0
parent: 0x7f613fae00
*generic_class: 0x0
typeDefinition: 0x7f60e3be64
interopData: 0x0
klass: 0x7f613fb100
fields: 0x0
events: 0x0
properties: 0x7f60770fe0
methods: 0x7f612cab00
nestedTypes: 0x0
implementedInterfaces: 0x0
interfaceOffsets: 0x0
static_fields: 0x0
rgctx_data: 0x0
typeHierarchy: 0x7f612497c0
*unity_user_data: 0x7f668e7e58
initializationExceptionGCHandle: 0
cctor_started: 0
cctor_finished: 0
cctor_thread: 0
genericContainerIndex: 4294967295
instance_size: 24
actualSize: 24
element_size: 0
native_size: 4294967295
static_fields_size: 0
thread_static_fields_size: 0
thread_static_fields_offset: 4294967295
flags: 0x100001
token: 33554623
method_count: 29
property_count: 1
field_count: 0
event_count: 0
nested_type_count: 0
vtable_count: 4
interfaces_count: 0
interface_offsets_count: 0
typeHierarchyDepth: 5
genericRecursionDepth: 1
rank: 0
minimumAlignment: 8
naturalAligment: 0
packingSize: 0
initialized_and_no_error: 1
valuetype: 0
initialized: 1
enumtype: 0
is_generic: 0
has_references: 0
init_pending: 0
size_inited: 1
has_finalize: 0
has_cctor: 0
is_blittable: 0
is_import_or_windows_runtime: 0
is_vtable_initialized: 1
has_initialization_error: 0
0 ======================END CLASS INFO======================